<?xml version="1.0" encoding="UTF-8"?>
<!-- Generated by org.testng.reporters.JUnitReportReporter -->
<testsuite hostname="DESKTOP-PMFK4LF" failures="0" tests="2" name="OpenBrowserSoftTrail" time="11.420" errors="0" timestamp="2024-03-25T16:32:21 EET" skipped="0">
  <testcase classname="OpenBrowserSoftTrail" name="InvalidData" time="4.399"/>
  <testcase classname="OpenBrowserSoftTrail" name="ValidData" time="7.021"/>
</testsuite> <!-- OpenBrowserSoftTrail -->
